<?xml version="1.0" encoding="UTF-8"?>
<!-- Generated by org.testng.reporters.JUnitXMLReporter -->
<testsuite ignored="4" hostname="Jinta_Starlet" failures="1" tests="1" name="grouping" time="0.054" errors="0" timestamp="2024-12-20T13:21:10 GST">
  <testcase classname="testscript.UserLoginTest" name="verifywithInvalidUsernameInvalidPassword" time="0.0">
    <failure type="org.testng.TestNGException" message="
Parameter &amp;apos;invalidusername&amp;apos; is required by @Test on method verifywithInvalidUsernameInvalidPassword but has not been marked @Optional or defined
in C:\Users\jinta\git\7rmart_project\7rmartSupermarket\grouping.xml">
      <![CDATA[org.testng.TestNGException: 
Parameter 'invalidusername' is required by @Test on method verifywithInvalidUsernameInvalidPassword but has not been marked @Optional or defined
in C:\Users\jinta\git\7rmart_project\7rmartSupermarket\grouping.xml
at java.base/java.util.ArrayList.forEach(ArrayList.java:1511)
... Removed 26 stack frames]]>
    </failure>
  </testcase> <!-- verifywithInvalidUsernameInvalidPassword -->
  <testcase classname="testscript.UserLoginTest" name="verifyInvalidUserValidPassword" time="0.0">
    <ignored/>
  </testcase> <!-- verifyInvalidUserValidPassword -->
  <testcase classname="testscript.UserLoginTest" name="verifyValidCredentials" time="0.0">
    <ignored/>
  </testcase> <!-- verifyValidCredentials -->
  <testcase classname="testscript.UserLoginTest" name="verifyUserLoginWithInValidCredentials" time="0.0">
    <ignored/>
  </testcase> <!-- verifyUserLoginWithInValidCredentials -->
  <testcase classname="testscript.UserLoginTest" name="verifyValidUserInvalidPassword" time="0.0">
    <ignored/>
  </testcase> <!-- verifyValidUserInvalidPassword -->
</testsuite> <!-- grouping -->
